<?xml version="1.0" encoding="UTF-8"?>
<coverage generated="1600931917997" clover="3.2.0">
  <project timestamp="1600931917997" name="All files">
    <metrics statements="110" coveredstatements="110" conditionals="39" coveredconditionals="29" methods="27" coveredmethods="23" elements="176" coveredelements="162" complexity="0" loc="110" ncloc="110" packages="1" files="1" classes="1"/>
    <file name="index.js" path="C:\Users\desse\Documents\github\projects\linkedlist\src\index.js">
      <metrics statements="110" coveredstatements="110" conditionals="39" coveredconditionals="29" methods="27" coveredmethods="23"/>
      <line num="3" count="21" type="cond" truecount="0" falsecount="1"/>
      <line num="4" count="21" type="cond" truecount="0" falsecount="1"/>
      <line num="5" count="21" type="cond" truecount="0" falsecount="1"/>
      <line num="7" count="21" type="stmt"/>
      <line num="8" count="21" type="stmt"/>
      <line num="9" count="21" type="stmt"/>
      <line num="11" count="21" type="stmt"/>
      <line num="12" count="66" type="stmt"/>
      <line num="13" count="21" type="stmt"/>
      <line num="14" count="21" type="stmt"/>
      <line num="15" count="31" type="stmt"/>
      <line num="24" count="14" type="stmt"/>
      <line num="28" count="3" type="stmt"/>
      <line num="32" count="47" type="cond" truecount="2" falsecount="0"/>
      <line num="33" count="17" type="stmt"/>
      <line num="38" count="19" type="stmt"/>
      <line num="39" count="19" type="stmt"/>
      <line num="40" count="19" type="stmt"/>
      <line num="45" count="16" type="stmt"/>
      <line num="46" count="47" type="stmt"/>
      <line num="47" count="47" type="stmt"/>
      <line num="49" count="16" type="stmt"/>
      <line num="50" count="16" type="stmt"/>
      <line num="51" count="16" type="stmt"/>
      <line num="52" count="16" type="stmt"/>
      <line num="55" count="16" type="stmt"/>
      <line num="56" count="47" type="stmt"/>
      <line num="57" count="47" type="cond" truecount="4" falsecount="0"/>
      <line num="58" count="17" type="stmt"/>
      <line num="59" count="17" type="stmt"/>
      <line num="61" count="30" type="stmt"/>
      <line num="66" count="16" type="stmt"/>
      <line num="67" count="16" type="cond" truecount="2" falsecount="0"/>
      <line num="68" count="15" type="stmt"/>
      <line num="69" count="15" type="stmt"/>
      <line num="70" count="15" type="stmt"/>
      <line num="71" count="15" type="stmt"/>
      <line num="72" count="15" type="stmt"/>
      <line num="73" count="15" type="stmt"/>
      <line num="78" count="16" type="stmt"/>
      <line num="79" count="45" type="stmt"/>
      <line num="80" count="45" type="cond" truecount="2" falsecount="0"/>
      <line num="81" count="30" type="stmt"/>
      <line num="82" count="30" type="stmt"/>
      <line num="83" count="30" type="stmt"/>
      <line num="84" count="30" type="stmt"/>
      <line num="86" count="15" type="stmt"/>
      <line num="91" count="16" type="stmt"/>
      <line num="92" count="2" type="stmt"/>
      <line num="93" count="2" type="stmt"/>
      <line num="97" count="16" type="cond" truecount="4" falsecount="0"/>
      <line num="98" count="1" type="stmt"/>
      <line num="99" count="1" type="stmt"/>
      <line num="102" count="16" type="stmt"/>
      <line num="110" count="66" type="cond" truecount="3" falsecount="1"/>
      <line num="117" count="8" type="stmt"/>
      <line num="119" count="8" type="stmt"/>
      <line num="123" count="4" type="stmt"/>
      <line num="125" count="4" type="stmt"/>
      <line num="137" count="34" type="stmt"/>
      <line num="141" count="16" type="cond" truecount="1" falsecount="1"/>
      <line num="142" count="16" type="stmt"/>
      <line num="143" count="16" type="stmt"/>
      <line num="144" count="16" type="stmt"/>
      <line num="145" count="16" type="stmt"/>
      <line num="147" count="16" type="stmt"/>
      <line num="151" count="7" type="stmt"/>
      <line num="153" count="7" type="stmt"/>
      <line num="155" count="7" type="stmt"/>
      <line num="156" count="7" type="stmt"/>
      <line num="158" count="7" type="cond" truecount="2" falsecount="0"/>
      <line num="159" count="4" type="stmt"/>
      <line num="162" count="7" type="cond" truecount="2" falsecount="0"/>
      <line num="163" count="4" type="stmt"/>
      <line num="165" count="3" type="stmt"/>
      <line num="168" count="7" type="stmt"/>
      <line num="170" count="7" type="stmt"/>
      <line num="171" count="7" type="cond" truecount="1" falsecount="1"/>
      <line num="176" count="7" type="stmt"/>
      <line num="178" count="7" type="stmt"/>
      <line num="182" count="9" type="stmt"/>
      <line num="184" count="9" type="stmt"/>
      <line num="185" count="9" type="stmt"/>
      <line num="187" count="9" type="cond" truecount="2" falsecount="0"/>
      <line num="188" count="7" type="cond" truecount="2" falsecount="0"/>
      <line num="189" count="4" type="stmt"/>
      <line num="191" count="3" type="stmt"/>
      <line num="195" count="9" type="stmt"/>
      <line num="197" count="9" type="stmt"/>
      <line num="198" count="9" type="cond" truecount="1" falsecount="1"/>
      <line num="203" count="9" type="stmt"/>
      <line num="205" count="9" type="stmt"/>
      <line num="209" count="3" type="stmt"/>
      <line num="211" count="3" type="stmt"/>
      <line num="212" count="3" type="stmt"/>
      <line num="213" count="3" type="stmt"/>
      <line num="215" count="3" type="stmt"/>
      <line num="216" count="3" type="cond" truecount="1" falsecount="1"/>
      <line num="221" count="3" type="stmt"/>
      <line num="225" count="2" type="stmt"/>
      <line num="226" count="2" type="stmt"/>
      <line num="230" count="1" type="stmt"/>
      <line num="231" count="1" type="stmt"/>
      <line num="235" count="1" type="stmt"/>
      <line num="236" count="1" type="stmt"/>
      <line num="237" count="1" type="stmt"/>
      <line num="238" count="1" type="stmt"/>
      <line num="242" count="1" type="stmt"/>
      <line num="243" count="1" type="stmt"/>
      <line num="244" count="1" type="stmt"/>
    </file>
  </project>
</coverage>
