<?xml version="1.0" encoding="UTF-8"?>
<coverage generated="1600861258580" clover="3.2.0">
  <project timestamp="1600861258580" name="All files">
    <metrics statements="84" coveredstatements="84" conditionals="29" coveredconditionals="20" methods="21" coveredmethods="18" elements="134" coveredelements="122" complexity="0" loc="84" ncloc="84" packages="2" files="2" classes="2"/>
    <package name="src">
      <metrics statements="78" coveredstatements="78" conditionals="23" coveredconditionals="14" methods="17" coveredmethods="14"/>
      <file name="index.js" path="C:\Users\desse\Documents\github\projects\linkedlist\src\index.js">
        <metrics statements="78" coveredstatements="78" conditionals="23" coveredconditionals="14" methods="17" coveredmethods="14"/>
        <line num="3" count="11" type="cond" truecount="0" falsecount="1"/>
        <line num="4" count="11" type="cond" truecount="0" falsecount="1"/>
        <line num="5" count="11" type="cond" truecount="0" falsecount="1"/>
        <line num="7" count="11" type="stmt"/>
        <line num="8" count="11" type="stmt"/>
        <line num="10" count="11" type="stmt"/>
        <line num="11" count="11" type="stmt"/>
        <line num="12" count="11" type="stmt"/>
        <line num="16" count="6" type="stmt"/>
        <line num="20" count="2" type="stmt"/>
        <line num="24" count="29" type="cond" truecount="2" falsecount="0"/>
        <line num="25" count="12" type="stmt"/>
        <line num="30" count="8" type="stmt"/>
        <line num="31" count="8" type="stmt"/>
        <line num="32" count="8" type="stmt"/>
        <line num="33" count="8" type="stmt"/>
        <line num="34" count="8" type="stmt"/>
        <line num="37" count="8" type="stmt"/>
        <line num="38" count="25" type="stmt"/>
        <line num="39" count="25" type="cond" truecount="4" falsecount="0"/>
        <line num="40" count="9" type="stmt"/>
        <line num="41" count="9" type="stmt"/>
        <line num="43" count="16" type="stmt"/>
        <line num="48" count="8" type="stmt"/>
        <line num="49" count="8" type="cond" truecount="1" falsecount="1"/>
        <line num="50" count="8" type="stmt"/>
        <line num="51" count="8" type="stmt"/>
        <line num="52" count="8" type="stmt"/>
        <line num="53" count="8" type="stmt"/>
        <line num="54" count="8" type="stmt"/>
        <line num="55" count="8" type="stmt"/>
        <line num="60" count="8" type="stmt"/>
        <line num="61" count="24" type="stmt"/>
        <line num="62" count="24" type="cond" truecount="2" falsecount="0"/>
        <line num="63" count="16" type="stmt"/>
        <line num="64" count="16" type="stmt"/>
        <line num="65" count="16" type="stmt"/>
        <line num="66" count="16" type="stmt"/>
        <line num="68" count="8" type="stmt"/>
        <line num="73" count="8" type="stmt"/>
        <line num="74" count="1" type="stmt"/>
        <line num="75" count="1" type="stmt"/>
        <line num="78" count="8" type="stmt"/>
        <line num="85" count="4" type="stmt"/>
        <line num="89" count="3" type="stmt"/>
        <line num="93" count="8" type="cond" truecount="1" falsecount="1"/>
        <line num="94" count="8" type="stmt"/>
        <line num="95" count="8" type="stmt"/>
        <line num="96" count="8" type="stmt"/>
        <line num="100" count="1" type="stmt"/>
        <line num="101" count="1" type="stmt"/>
        <line num="102" count="1" type="stmt"/>
        <line num="103" count="1" type="stmt"/>
        <line num="104" count="1" type="stmt"/>
        <line num="108" count="1" type="stmt"/>
        <line num="109" count="1" type="stmt"/>
        <line num="110" count="1" type="stmt"/>
        <line num="111" count="1" type="stmt"/>
        <line num="112" count="1" type="stmt"/>
        <line num="116" count="2" type="stmt"/>
        <line num="117" count="2" type="stmt"/>
        <line num="119" count="2" type="stmt"/>
        <line num="121" count="2" type="cond" truecount="2" falsecount="0"/>
        <line num="122" count="1" type="stmt"/>
        <line num="125" count="2" type="cond" truecount="1" falsecount="1"/>
        <line num="126" count="2" type="stmt"/>
        <line num="129" count="2" type="stmt"/>
        <line num="130" count="2" type="stmt"/>
        <line num="134" count="1" type="stmt"/>
        <line num="135" count="1" type="stmt"/>
        <line num="136" count="1" type="stmt"/>
        <line num="137" count="1" type="stmt"/>
        <line num="141" count="2" type="stmt"/>
        <line num="142" count="2" type="stmt"/>
        <line num="144" count="2" type="cond" truecount="1" falsecount="1"/>
        <line num="145" count="2" type="stmt"/>
        <line num="148" count="2" type="stmt"/>
        <line num="149" count="2" type="stmt"/>
      </file>
    </package>
    <package name="test">
      <metrics statements="6" coveredstatements="6" conditionals="6" coveredconditionals="6" methods="4" coveredmethods="4"/>
      <file name="instance.js" path="C:\Users\desse\Documents\github\projects\linkedlist\test\instance.js">
        <metrics statements="6" coveredstatements="6" conditionals="6" coveredconditionals="6" methods="4" coveredmethods="4"/>
        <line num="4" count="8" type="stmt"/>
        <line num="5" count="57" type="stmt"/>
        <line num="6" count="86" type="cond" truecount="4" falsecount="0"/>
        <line num="8" count="19" type="cond" truecount="2" falsecount="0"/>
        <line num="9" count="12" type="stmt"/>
        <line num="11" count="19" type="stmt"/>
      </file>
    </package>
  </project>
</coverage>
