{"C:\\Users\\desse\\Documents\\github\\projects\\linkedlist\\src\\index.js": {"path":"C:\\Users\\desse\\Documents\\github\\projects\\linkedlist\\src\\index.js","statementMap":{"0":{"start":{"line":3,"column":42},"end":{"line":3,"column":49}},"1":{"start":{"line":3,"column":30},"end":{"line":3,"column":37}},"2":{"start":{"line":4,"column":48},"end":{"line":4,"column":55}},"3":{"start":{"line":4,"column":34},"end":{"line":4,"column":43}},"4":{"start":{"line":5,"column":67},"end":{"line":5,"column":74}},"5":{"start":{"line":5,"column":43},"end":{"line":5,"column":61}},"6":{"start":{"line":7,"column":4},"end":{"line":7,"column":19}},"7":{"start":{"line":8,"column":4},"end":{"line":8,"column":21}},"8":{"start":{"line":9,"column":4},"end":{"line":9,"column":23}},"9":{"start":{"line":11,"column":4},"end":{"line":11,"column":23}},"10":{"start":{"line":12,"column":4},"end":{"line":12,"column":65}},"11":{"start":{"line":12,"column":28},"end":{"line":12,"column":65}},"12":{"start":{"line":13,"column":4},"end":{"line":13,"column":31}},"13":{"start":{"line":14,"column":4},"end":{"line":14,"column":31}},"14":{"start":{"line":15,"column":4},"end":{"line":15,"column":28}},"15":{"start":{"line":15,"column":24},"end":{"line":15,"column":28}},"16":{"start":{"line":24,"column":4},"end":{"line":24,"column":23}},"17":{"start":{"line":28,"column":4},"end":{"line":28,"column":25}},"18":{"start":{"line":32,"column":4},"end":{"line":34,"column":5}},"19":{"start":{"line":33,"column":6},"end":{"line":33,"column":33}},"20":{"start":{"line":38,"column":17},"end":{"line":38,"column":36}},"21":{"start":{"line":39,"column":4},"end":{"line":41,"column":5}},"22":{"start":{"line":40,"column":6},"end":{"line":40,"column":41}},"23":{"start":{"line":45,"column":16},"end":{"line":48,"column":6}},"24":{"start":{"line":46,"column":6},"end":{"line":46,"column":27}},"25":{"start":{"line":47,"column":6},"end":{"line":47,"column":30}},"26":{"start":{"line":49,"column":21},"end":{"line":49,"column":30}},"27":{"start":{"line":50,"column":17},"end":{"line":50,"column":19}},"28":{"start":{"line":51,"column":21},"end":{"line":51,"column":30}},"29":{"start":{"line":52,"column":17},"end":{"line":52,"column":21}},"30":{"start":{"line":55,"column":4},"end":{"line":63,"column":5}},"31":{"start":{"line":55,"column":19},"end":{"line":55,"column":20}},"32":{"start":{"line":56,"column":19},"end":{"line":56,"column":28}},"33":{"start":{"line":57,"column":6},"end":{"line":62,"column":7}},"34":{"start":{"line":58,"column":8},"end":{"line":58,"column":24}},"35":{"start":{"line":59,"column":8},"end":{"line":59,"column":44}},"36":{"start":{"line":61,"column":8},"end":{"line":61,"column":48}},"37":{"start":{"line":66,"column":4},"end":{"line":75,"column":5}},"38":{"start":{"line":67,"column":6},"end":{"line":74,"column":7}},"39":{"start":{"line":68,"column":8},"end":{"line":68,"column":19}},"40":{"start":{"line":69,"column":22},"end":{"line":69,"column":44}},"41":{"start":{"line":70,"column":8},"end":{"line":70,"column":34}},"42":{"start":{"line":71,"column":8},"end":{"line":71,"column":26}},"43":{"start":{"line":72,"column":8},"end":{"line":72,"column":27}},"44":{"start":{"line":73,"column":8},"end":{"line":73,"column":13}},"45":{"start":{"line":78,"column":4},"end":{"line":88,"column":5}},"46":{"start":{"line":79,"column":23},"end":{"line":79,"column":49}},"47":{"start":{"line":80,"column":6},"end":{"line":87,"column":7}},"48":{"start":{"line":81,"column":8},"end":{"line":81,"column":37}},"49":{"start":{"line":82,"column":8},"end":{"line":82,"column":29}},"50":{"start":{"line":83,"column":8},"end":{"line":83,"column":31}},"51":{"start":{"line":84,"column":8},"end":{"line":84,"column":38}},"52":{"start":{"line":86,"column":8},"end":{"line":86,"column":21}},"53":{"start":{"line":91,"column":20},"end":{"line":94,"column":6}},"54":{"start":{"line":92,"column":6},"end":{"line":92,"column":36}},"55":{"start":{"line":93,"column":6},"end":{"line":93,"column":22}},"56":{"start":{"line":97,"column":4},"end":{"line":100,"column":5}},"57":{"start":{"line":98,"column":6},"end":{"line":98,"column":32}},"58":{"start":{"line":99,"column":6},"end":{"line":99,"column":38}},"59":{"start":{"line":102,"column":4},"end":{"line":106,"column":5}},"60":{"start":{"line":110,"column":4},"end":{"line":113,"column":5}},"61":{"start":{"line":117,"column":4},"end":{"line":117,"column":25}},"62":{"start":{"line":119,"column":4},"end":{"line":119,"column":48}},"63":{"start":{"line":123,"column":4},"end":{"line":123,"column":25}},"64":{"start":{"line":125,"column":4},"end":{"line":125,"column":44}},"65":{"start":{"line":137,"column":4},"end":{"line":137,"column":61}},"66":{"start":{"line":141,"column":39},"end":{"line":141,"column":90}},"67":{"start":{"line":142,"column":4},"end":{"line":142,"column":25}},"68":{"start":{"line":143,"column":4},"end":{"line":143,"column":29}},"69":{"start":{"line":144,"column":4},"end":{"line":144,"column":21}},"70":{"start":{"line":145,"column":4},"end":{"line":145,"column":15}},"71":{"start":{"line":147,"column":4},"end":{"line":147,"column":15}},"72":{"start":{"line":151,"column":30},"end":{"line":151,"column":55}},"73":{"start":{"line":153,"column":4},"end":{"line":153,"column":25}},"74":{"start":{"line":155,"column":25},"end":{"line":155,"column":48}},"75":{"start":{"line":156,"column":21},"end":{"line":156,"column":40}},"76":{"start":{"line":158,"column":4},"end":{"line":160,"column":5}},"77":{"start":{"line":159,"column":6},"end":{"line":159,"column":53}},"78":{"start":{"line":162,"column":4},"end":{"line":166,"column":5}},"79":{"start":{"line":163,"column":6},"end":{"line":163,"column":45}},"80":{"start":{"line":165,"column":6},"end":{"line":165,"column":33}},"81":{"start":{"line":168,"column":4},"end":{"line":168,"column":39}},"82":{"start":{"line":170,"column":23},"end":{"line":170,"column":42}},"83":{"start":{"line":171,"column":4},"end":{"line":174,"column":5}},"84":{"start":{"line":176,"column":4},"end":{"line":176,"column":15}},"85":{"start":{"line":178,"column":4},"end":{"line":178,"column":15}},"86":{"start":{"line":182,"column":30},"end":{"line":182,"column":55}},"87":{"start":{"line":184,"column":25},"end":{"line":184,"column":48}},"88":{"start":{"line":185,"column":21},"end":{"line":185,"column":44}},"89":{"start":{"line":187,"column":4},"end":{"line":193,"column":5}},"90":{"start":{"line":188,"column":6},"end":{"line":192,"column":7}},"91":{"start":{"line":189,"column":8},"end":{"line":189,"column":59}},"92":{"start":{"line":191,"column":8},"end":{"line":191,"column":43}},"93":{"start":{"line":195,"column":4},"end":{"line":195,"column":33}},"94":{"start":{"line":197,"column":23},"end":{"line":197,"column":42}},"95":{"start":{"line":198,"column":4},"end":{"line":201,"column":5}},"96":{"start":{"line":203,"column":4},"end":{"line":203,"column":15}},"97":{"start":{"line":205,"column":4},"end":{"line":205,"column":15}},"98":{"start":{"line":209,"column":30},"end":{"line":209,"column":55}},"99":{"start":{"line":211,"column":17},"end":{"line":211,"column":39}},"100":{"start":{"line":212,"column":4},"end":{"line":212,"column":25}},"101":{"start":{"line":213,"column":4},"end":{"line":213,"column":31}},"102":{"start":{"line":215,"column":23},"end":{"line":215,"column":42}},"103":{"start":{"line":216,"column":4},"end":{"line":219,"column":5}},"104":{"start":{"line":221,"column":4},"end":{"line":221,"column":15}},"105":{"start":{"line":225,"column":4},"end":{"line":225,"column":42}},"106":{"start":{"line":226,"column":4},"end":{"line":226,"column":15}},"107":{"start":{"line":230,"column":4},"end":{"line":230,"column":24}},"108":{"start":{"line":231,"column":4},"end":{"line":231,"column":15}},"109":{"start":{"line":235,"column":22},"end":{"line":235,"column":45}},"110":{"start":{"line":236,"column":17},"end":{"line":236,"column":40}},"111":{"start":{"line":237,"column":4},"end":{"line":237,"column":26}},"112":{"start":{"line":238,"column":4},"end":{"line":238,"column":15}},"113":{"start":{"line":242,"column":17},"end":{"line":242,"column":32}},"114":{"start":{"line":243,"column":4},"end":{"line":243,"column":18}},"115":{"start":{"line":244,"column":4},"end":{"line":244,"column":15}}},"fnMap":{"0":{"name":"(anonymous_0)","decl":{"start":{"line":2,"column":2},"end":{"line":2,"column":3}},"loc":{"start":{"line":2,"column":28},"end":{"line":16,"column":3}},"line":2},"1":{"name":"(anonymous_1)","decl":{"start":{"line":3,"column":20},"end":{"line":3,"column":21}},"loc":{"start":{"line":3,"column":30},"end":{"line":3,"column":37}},"line":3},"2":{"name":"(anonymous_2)","decl":{"start":{"line":4,"column":24},"end":{"line":4,"column":25}},"loc":{"start":{"line":4,"column":34},"end":{"line":4,"column":43}},"line":4},"3":{"name":"(anonymous_3)","decl":{"start":{"line":5,"column":24},"end":{"line":5,"column":25}},"loc":{"start":{"line":5,"column":43},"end":{"line":5,"column":61}},"line":5},"4":{"name":"(anonymous_4)","decl":{"start":{"line":12,"column":18},"end":{"line":12,"column":19}},"loc":{"start":{"line":12,"column":28},"end":{"line":12,"column":65}},"line":12},"5":{"name":"(anonymous_5)","decl":{"start":{"line":15,"column":18},"end":{"line":15,"column":19}},"loc":{"start":{"line":15,"column":24},"end":{"line":15,"column":28}},"line":15},"6":{"name":"(anonymous_6)","decl":{"start":{"line":18,"column":2},"end":{"line":18,"column":3}},"loc":{"start":{"line":18,"column":13},"end":{"line":21,"column":3}},"line":18},"7":{"name":"(anonymous_7)","decl":{"start":{"line":23,"column":2},"end":{"line":23,"column":3}},"loc":{"start":{"line":23,"column":15},"end":{"line":25,"column":3}},"line":23},"8":{"name":"(anonymous_8)","decl":{"start":{"line":27,"column":2},"end":{"line":27,"column":3}},"loc":{"start":{"line":27,"column":17},"end":{"line":29,"column":3}},"line":27},"9":{"name":"(anonymous_9)","decl":{"start":{"line":31,"column":2},"end":{"line":31,"column":3}},"loc":{"start":{"line":31,"column":23},"end":{"line":35,"column":3}},"line":31},"10":{"name":"(anonymous_10)","decl":{"start":{"line":37,"column":2},"end":{"line":37,"column":3}},"loc":{"start":{"line":37,"column":23},"end":{"line":42,"column":3}},"line":37},"11":{"name":"(anonymous_11)","decl":{"start":{"line":39,"column":11},"end":{"line":39,"column":12}},"loc":{"start":{"line":39,"column":17},"end":{"line":41,"column":5}},"line":39},"12":{"name":"(anonymous_12)","decl":{"start":{"line":44,"column":2},"end":{"line":44,"column":3}},"loc":{"start":{"line":44,"column":14},"end":{"line":107,"column":3}},"line":44},"13":{"name":"(anonymous_13)","decl":{"start":{"line":45,"column":25},"end":{"line":45,"column":26}},"loc":{"start":{"line":45,"column":35},"end":{"line":48,"column":5}},"line":45},"14":{"name":"(anonymous_14)","decl":{"start":{"line":91,"column":75},"end":{"line":91,"column":76}},"loc":{"start":{"line":91,"column":89},"end":{"line":94,"column":5}},"line":91},"15":{"name":"(anonymous_15)","decl":{"start":{"line":109,"column":2},"end":{"line":109,"column":3}},"loc":{"start":{"line":109,"column":19},"end":{"line":114,"column":3}},"line":109},"16":{"name":"(anonymous_16)","decl":{"start":{"line":116,"column":2},"end":{"line":116,"column":3}},"loc":{"start":{"line":116,"column":41},"end":{"line":120,"column":3}},"line":116},"17":{"name":"(anonymous_17)","decl":{"start":{"line":122,"column":2},"end":{"line":122,"column":3}},"loc":{"start":{"line":122,"column":33},"end":{"line":126,"column":3}},"line":122},"18":{"name":"(anonymous_18)","decl":{"start":{"line":136,"column":2},"end":{"line":136,"column":3}},"loc":{"start":{"line":136,"column":9},"end":{"line":138,"column":3}},"line":136},"19":{"name":"(anonymous_19)","decl":{"start":{"line":140,"column":2},"end":{"line":140,"column":3}},"loc":{"start":{"line":140,"column":19},"end":{"line":148,"column":3}},"line":140},"20":{"name":"(anonymous_20)","decl":{"start":{"line":150,"column":2},"end":{"line":150,"column":3}},"loc":{"start":{"line":150,"column":22},"end":{"line":179,"column":3}},"line":150},"21":{"name":"(anonymous_21)","decl":{"start":{"line":181,"column":2},"end":{"line":181,"column":3}},"loc":{"start":{"line":181,"column":16},"end":{"line":206,"column":3}},"line":181},"22":{"name":"(anonymous_22)","decl":{"start":{"line":208,"column":2},"end":{"line":208,"column":3}},"loc":{"start":{"line":208,"column":27},"end":{"line":222,"column":3}},"line":208},"23":{"name":"(anonymous_23)","decl":{"start":{"line":224,"column":2},"end":{"line":224,"column":3}},"loc":{"start":{"line":224,"column":13},"end":{"line":227,"column":3}},"line":224},"24":{"name":"(anonymous_24)","decl":{"start":{"line":229,"column":2},"end":{"line":229,"column":3}},"loc":{"start":{"line":229,"column":16},"end":{"line":232,"column":3}},"line":229},"25":{"name":"(anonymous_25)","decl":{"start":{"line":234,"column":2},"end":{"line":234,"column":3}},"loc":{"start":{"line":234,"column":8},"end":{"line":239,"column":3}},"line":234},"26":{"name":"(anonymous_26)","decl":{"start":{"line":241,"column":2},"end":{"line":241,"column":3}},"loc":{"start":{"line":241,"column":10},"end":{"line":245,"column":3}},"line":241}},"branchMap":{"0":{"loc":{"start":{"line":2,"column":14},"end":{"line":2,"column":26}},"type":"default-arg","locations":[{"start":{"line":2,"column":24},"end":{"line":2,"column":26}}],"line":2},"1":{"loc":{"start":{"line":3,"column":12},"end":{"line":3,"column":37}},"type":"default-arg","locations":[{"start":{"line":3,"column":20},"end":{"line":3,"column":37}}],"line":3},"2":{"loc":{"start":{"line":4,"column":12},"end":{"line":4,"column":43}},"type":"default-arg","locations":[{"start":{"line":4,"column":24},"end":{"line":4,"column":43}}],"line":4},"3":{"loc":{"start":{"line":5,"column":12},"end":{"line":5,"column":62}},"type":"default-arg","locations":[{"start":{"line":5,"column":24},"end":{"line":5,"column":62}}],"line":5},"4":{"loc":{"start":{"line":32,"column":4},"end":{"line":34,"column":5}},"type":"if","locations":[{"start":{"line":32,"column":4},"end":{"line":34,"column":5}},{"start":{"line":32,"column":4},"end":{"line":34,"column":5}}],"line":32},"5":{"loc":{"start":{"line":57,"column":6},"end":{"line":62,"column":7}},"type":"if","locations":[{"start":{"line":57,"column":6},"end":{"line":62,"column":7}},{"start":{"line":57,"column":6},"end":{"line":62,"column":7}}],"line":57},"6":{"loc":{"start":{"line":57,"column":10},"end":{"line":57,"column":84}},"type":"binary-expr","locations":[{"start":{"line":57,"column":10},"end":{"line":57,"column":44}},{"start":{"line":57,"column":48},"end":{"line":57,"column":84}}],"line":57},"7":{"loc":{"start":{"line":67,"column":6},"end":{"line":74,"column":7}},"type":"if","locations":[{"start":{"line":67,"column":6},"end":{"line":74,"column":7}},{"start":{"line":67,"column":6},"end":{"line":74,"column":7}}],"line":67},"8":{"loc":{"start":{"line":80,"column":6},"end":{"line":87,"column":7}},"type":"if","locations":[{"start":{"line":80,"column":6},"end":{"line":87,"column":7}},{"start":{"line":80,"column":6},"end":{"line":87,"column":7}}],"line":80},"9":{"loc":{"start":{"line":97,"column":4},"end":{"line":100,"column":5}},"type":"if","locations":[{"start":{"line":97,"column":4},"end":{"line":100,"column":5}},{"start":{"line":97,"column":4},"end":{"line":100,"column":5}}],"line":97},"10":{"loc":{"start":{"line":97,"column":8},"end":{"line":97,"column":51}},"type":"binary-expr","locations":[{"start":{"line":97,"column":8},"end":{"line":97,"column":27}},{"start":{"line":97,"column":31},"end":{"line":97,"column":51}}],"line":97},"11":{"loc":{"start":{"line":110,"column":4},"end":{"line":113,"column":5}},"type":"if","locations":[{"start":{"line":110,"column":4},"end":{"line":113,"column":5}},{"start":{"line":110,"column":4},"end":{"line":113,"column":5}}],"line":110},"12":{"loc":{"start":{"line":110,"column":8},"end":{"line":110,"column":34}},"type":"binary-expr","locations":[{"start":{"line":110,"column":8},"end":{"line":110,"column":12}},{"start":{"line":110,"column":16},"end":{"line":110,"column":34}}],"line":110},"13":{"loc":{"start":{"line":140,"column":7},"end":{"line":140,"column":17}},"type":"default-arg","locations":[{"start":{"line":140,"column":15},"end":{"line":140,"column":17}}],"line":140},"14":{"loc":{"start":{"line":141,"column":50},"end":{"line":141,"column":89}},"type":"cond-expr","locations":[{"start":{"line":141,"column":69},"end":{"line":141,"column":74}},{"start":{"line":141,"column":77},"end":{"line":141,"column":89}}],"line":141},"15":{"loc":{"start":{"line":158,"column":4},"end":{"line":160,"column":5}},"type":"if","locations":[{"start":{"line":158,"column":4},"end":{"line":160,"column":5}},{"start":{"line":158,"column":4},"end":{"line":160,"column":5}}],"line":158},"16":{"loc":{"start":{"line":162,"column":4},"end":{"line":166,"column":5}},"type":"if","locations":[{"start":{"line":162,"column":4},"end":{"line":166,"column":5}},{"start":{"line":162,"column":4},"end":{"line":166,"column":5}}],"line":162},"17":{"loc":{"start":{"line":171,"column":4},"end":{"line":174,"column":5}},"type":"if","locations":[{"start":{"line":171,"column":4},"end":{"line":174,"column":5}},{"start":{"line":171,"column":4},"end":{"line":174,"column":5}}],"line":171},"18":{"loc":{"start":{"line":187,"column":4},"end":{"line":193,"column":5}},"type":"if","locations":[{"start":{"line":187,"column":4},"end":{"line":193,"column":5}},{"start":{"line":187,"column":4},"end":{"line":193,"column":5}}],"line":187},"19":{"loc":{"start":{"line":188,"column":6},"end":{"line":192,"column":7}},"type":"if","locations":[{"start":{"line":188,"column":6},"end":{"line":192,"column":7}},{"start":{"line":188,"column":6},"end":{"line":192,"column":7}}],"line":188},"20":{"loc":{"start":{"line":198,"column":4},"end":{"line":201,"column":5}},"type":"if","locations":[{"start":{"line":198,"column":4},"end":{"line":201,"column":5}},{"start":{"line":198,"column":4},"end":{"line":201,"column":5}}],"line":198},"21":{"loc":{"start":{"line":216,"column":4},"end":{"line":219,"column":5}},"type":"if","locations":[{"start":{"line":216,"column":4},"end":{"line":219,"column":5}},{"start":{"line":216,"column":4},"end":{"line":219,"column":5}}],"line":216}},"s":{"0":21,"1":0,"2":21,"3":0,"4":21,"5":0,"6":21,"7":21,"8":21,"9":21,"10":21,"11":66,"12":21,"13":21,"14":21,"15":31,"16":14,"17":3,"18":47,"19":17,"20":19,"21":19,"22":19,"23":16,"24":47,"25":47,"26":16,"27":16,"28":16,"29":16,"30":16,"31":16,"32":47,"33":47,"34":17,"35":17,"36":30,"37":16,"38":16,"39":15,"40":15,"41":15,"42":15,"43":15,"44":15,"45":16,"46":45,"47":45,"48":30,"49":30,"50":30,"51":30,"52":15,"53":16,"54":2,"55":2,"56":16,"57":1,"58":1,"59":16,"60":66,"61":8,"62":8,"63":4,"64":4,"65":34,"66":16,"67":16,"68":16,"69":16,"70":16,"71":16,"72":7,"73":7,"74":7,"75":7,"76":7,"77":4,"78":7,"79":4,"80":3,"81":7,"82":7,"83":7,"84":7,"85":7,"86":9,"87":9,"88":9,"89":9,"90":7,"91":4,"92":3,"93":9,"94":9,"95":9,"96":9,"97":9,"98":3,"99":3,"100":3,"101":3,"102":3,"103":3,"104":3,"105":2,"106":2,"107":1,"108":1,"109":1,"110":1,"111":1,"112":1,"113":1,"114":1,"115":1},"f":{"0":21,"1":0,"2":0,"3":0,"4":66,"5":31,"6":0,"7":14,"8":3,"9":47,"10":19,"11":19,"12":16,"13":47,"14":2,"15":66,"16":8,"17":4,"18":34,"19":16,"20":7,"21":9,"22":3,"23":2,"24":1,"25":1,"26":1},"b":{"0":[0],"1":[0],"2":[0],"3":[0],"4":[17,30],"5":[17,30],"6":[47,30],"7":[15,1],"8":[30,15],"9":[1,15],"10":[16,1],"11":[0,66],"12":[66,66],"13":[0],"14":[16,0],"15":[4,3],"16":[4,3],"17":[0,7],"18":[7,2],"19":[4,3],"20":[0,9],"21":[0,3]},"_coverageSchema":"1a1c01bbd47fc00a2c39e90264f33305004495a9","hash":"0844b5f5dca8aa35d356630d40cc772d90b16eb1"}
}
