{"C:\\Users\\desse\\Documents\\github\\projects\\linkedlist\\src\\index.js": {"path":"C:\\Users\\desse\\Documents\\github\\projects\\linkedlist\\src\\index.js","statementMap":{"0":{"start":{"line":3,"column":42},"end":{"line":3,"column":49}},"1":{"start":{"line":3,"column":30},"end":{"line":3,"column":37}},"2":{"start":{"line":4,"column":48},"end":{"line":4,"column":55}},"3":{"start":{"line":4,"column":34},"end":{"line":4,"column":43}},"4":{"start":{"line":5,"column":67},"end":{"line":5,"column":74}},"5":{"start":{"line":5,"column":43},"end":{"line":5,"column":61}},"6":{"start":{"line":7,"column":4},"end":{"line":7,"column":19}},"7":{"start":{"line":8,"column":4},"end":{"line":8,"column":19}},"8":{"start":{"line":10,"column":4},"end":{"line":10,"column":23}},"9":{"start":{"line":11,"column":4},"end":{"line":11,"column":31}},"10":{"start":{"line":12,"column":4},"end":{"line":12,"column":31}},"11":{"start":{"line":16,"column":4},"end":{"line":16,"column":21}},"12":{"start":{"line":20,"column":4},"end":{"line":20,"column":21}},"13":{"start":{"line":24,"column":4},"end":{"line":26,"column":5}},"14":{"start":{"line":25,"column":6},"end":{"line":25,"column":33}},"15":{"start":{"line":30,"column":16},"end":{"line":30,"column":37}},"16":{"start":{"line":31,"column":21},"end":{"line":31,"column":30}},"17":{"start":{"line":32,"column":19},"end":{"line":32,"column":21}},"18":{"start":{"line":33,"column":21},"end":{"line":33,"column":30}},"19":{"start":{"line":34,"column":17},"end":{"line":34,"column":21}},"20":{"start":{"line":37,"column":4},"end":{"line":45,"column":5}},"21":{"start":{"line":37,"column":19},"end":{"line":37,"column":20}},"22":{"start":{"line":38,"column":19},"end":{"line":38,"column":28}},"23":{"start":{"line":39,"column":6},"end":{"line":44,"column":7}},"24":{"start":{"line":40,"column":8},"end":{"line":40,"column":24}},"25":{"start":{"line":41,"column":8},"end":{"line":41,"column":44}},"26":{"start":{"line":43,"column":8},"end":{"line":43,"column":48}},"27":{"start":{"line":48,"column":4},"end":{"line":57,"column":5}},"28":{"start":{"line":49,"column":6},"end":{"line":56,"column":7}},"29":{"start":{"line":50,"column":8},"end":{"line":50,"column":19}},"30":{"start":{"line":51,"column":22},"end":{"line":51,"column":44}},"31":{"start":{"line":52,"column":8},"end":{"line":52,"column":34}},"32":{"start":{"line":53,"column":8},"end":{"line":53,"column":26}},"33":{"start":{"line":54,"column":8},"end":{"line":54,"column":27}},"34":{"start":{"line":55,"column":8},"end":{"line":55,"column":13}},"35":{"start":{"line":60,"column":4},"end":{"line":70,"column":5}},"36":{"start":{"line":61,"column":23},"end":{"line":61,"column":49}},"37":{"start":{"line":62,"column":6},"end":{"line":69,"column":7}},"38":{"start":{"line":63,"column":8},"end":{"line":63,"column":37}},"39":{"start":{"line":64,"column":8},"end":{"line":64,"column":29}},"40":{"start":{"line":65,"column":8},"end":{"line":65,"column":31}},"41":{"start":{"line":66,"column":8},"end":{"line":66,"column":38}},"42":{"start":{"line":68,"column":8},"end":{"line":68,"column":21}},"43":{"start":{"line":73,"column":17},"end":{"line":76,"column":6}},"44":{"start":{"line":74,"column":6},"end":{"line":74,"column":36}},"45":{"start":{"line":75,"column":6},"end":{"line":75,"column":22}},"46":{"start":{"line":78,"column":4},"end":{"line":81,"column":5}},"47":{"start":{"line":85,"column":4},"end":{"line":85,"column":48}},"48":{"start":{"line":89,"column":4},"end":{"line":89,"column":44}},"49":{"start":{"line":93,"column":27},"end":{"line":93,"column":76}},"50":{"start":{"line":94,"column":4},"end":{"line":94,"column":21}},"51":{"start":{"line":95,"column":4},"end":{"line":95,"column":21}},"52":{"start":{"line":96,"column":4},"end":{"line":96,"column":15}},"53":{"start":{"line":100,"column":21},"end":{"line":100,"column":54}},"54":{"start":{"line":101,"column":4},"end":{"line":101,"column":29}},"55":{"start":{"line":102,"column":4},"end":{"line":102,"column":47}},"56":{"start":{"line":103,"column":4},"end":{"line":103,"column":25}},"57":{"start":{"line":104,"column":4},"end":{"line":104,"column":15}},"58":{"start":{"line":108,"column":22},"end":{"line":108,"column":35}},"59":{"start":{"line":109,"column":4},"end":{"line":109,"column":29}},"60":{"start":{"line":110,"column":4},"end":{"line":110,"column":44}},"61":{"start":{"line":111,"column":4},"end":{"line":111,"column":28}},"62":{"start":{"line":112,"column":4},"end":{"line":112,"column":15}},"63":{"start":{"line":116,"column":25},"end":{"line":116,"column":46}},"64":{"start":{"line":117,"column":21},"end":{"line":117,"column":38}},"65":{"start":{"line":119,"column":4},"end":{"line":119,"column":29}},"66":{"start":{"line":121,"column":4},"end":{"line":123,"column":5}},"67":{"start":{"line":122,"column":6},"end":{"line":122,"column":53}},"68":{"start":{"line":125,"column":4},"end":{"line":127,"column":5}},"69":{"start":{"line":126,"column":6},"end":{"line":126,"column":45}},"70":{"start":{"line":129,"column":4},"end":{"line":129,"column":37}},"71":{"start":{"line":130,"column":4},"end":{"line":130,"column":15}},"72":{"start":{"line":134,"column":17},"end":{"line":134,"column":37}},"73":{"start":{"line":135,"column":4},"end":{"line":135,"column":25}},"74":{"start":{"line":136,"column":4},"end":{"line":136,"column":31}},"75":{"start":{"line":137,"column":4},"end":{"line":137,"column":15}},"76":{"start":{"line":141,"column":25},"end":{"line":141,"column":46}},"77":{"start":{"line":142,"column":21},"end":{"line":142,"column":42}},"78":{"start":{"line":144,"column":4},"end":{"line":146,"column":5}},"79":{"start":{"line":145,"column":6},"end":{"line":145,"column":57}},"80":{"start":{"line":148,"column":4},"end":{"line":148,"column":31}},"81":{"start":{"line":149,"column":4},"end":{"line":149,"column":15}}},"fnMap":{"0":{"name":"(anonymous_0)","decl":{"start":{"line":2,"column":2},"end":{"line":2,"column":3}},"loc":{"start":{"line":2,"column":28},"end":{"line":13,"column":3}},"line":2},"1":{"name":"(anonymous_1)","decl":{"start":{"line":3,"column":20},"end":{"line":3,"column":21}},"loc":{"start":{"line":3,"column":30},"end":{"line":3,"column":37}},"line":3},"2":{"name":"(anonymous_2)","decl":{"start":{"line":4,"column":24},"end":{"line":4,"column":25}},"loc":{"start":{"line":4,"column":34},"end":{"line":4,"column":43}},"line":4},"3":{"name":"(anonymous_3)","decl":{"start":{"line":5,"column":24},"end":{"line":5,"column":25}},"loc":{"start":{"line":5,"column":43},"end":{"line":5,"column":61}},"line":5},"4":{"name":"(anonymous_4)","decl":{"start":{"line":15,"column":2},"end":{"line":15,"column":3}},"loc":{"start":{"line":15,"column":13},"end":{"line":17,"column":3}},"line":15},"5":{"name":"(anonymous_5)","decl":{"start":{"line":19,"column":2},"end":{"line":19,"column":3}},"loc":{"start":{"line":19,"column":13},"end":{"line":21,"column":3}},"line":19},"6":{"name":"(anonymous_6)","decl":{"start":{"line":23,"column":2},"end":{"line":23,"column":3}},"loc":{"start":{"line":23,"column":23},"end":{"line":27,"column":3}},"line":23},"7":{"name":"(anonymous_7)","decl":{"start":{"line":29,"column":2},"end":{"line":29,"column":3}},"loc":{"start":{"line":29,"column":14},"end":{"line":82,"column":3}},"line":29},"8":{"name":"(anonymous_8)","decl":{"start":{"line":73,"column":72},"end":{"line":73,"column":73}},"loc":{"start":{"line":73,"column":86},"end":{"line":76,"column":5}},"line":73},"9":{"name":"(anonymous_9)","decl":{"start":{"line":84,"column":2},"end":{"line":84,"column":3}},"loc":{"start":{"line":84,"column":41},"end":{"line":86,"column":3}},"line":84},"10":{"name":"(anonymous_10)","decl":{"start":{"line":88,"column":2},"end":{"line":88,"column":3}},"loc":{"start":{"line":88,"column":33},"end":{"line":90,"column":3}},"line":88},"11":{"name":"(anonymous_11)","decl":{"start":{"line":92,"column":2},"end":{"line":92,"column":3}},"loc":{"start":{"line":92,"column":19},"end":{"line":97,"column":3}},"line":92},"12":{"name":"(anonymous_12)","decl":{"start":{"line":99,"column":2},"end":{"line":99,"column":3}},"loc":{"start":{"line":99,"column":13},"end":{"line":105,"column":3}},"line":99},"13":{"name":"(anonymous_13)","decl":{"start":{"line":107,"column":2},"end":{"line":107,"column":3}},"loc":{"start":{"line":107,"column":16},"end":{"line":113,"column":3}},"line":107},"14":{"name":"(anonymous_14)","decl":{"start":{"line":115,"column":2},"end":{"line":115,"column":3}},"loc":{"start":{"line":115,"column":22},"end":{"line":131,"column":3}},"line":115},"15":{"name":"(anonymous_15)","decl":{"start":{"line":133,"column":2},"end":{"line":133,"column":3}},"loc":{"start":{"line":133,"column":27},"end":{"line":138,"column":3}},"line":133},"16":{"name":"(anonymous_16)","decl":{"start":{"line":140,"column":2},"end":{"line":140,"column":3}},"loc":{"start":{"line":140,"column":16},"end":{"line":150,"column":3}},"line":140}},"branchMap":{"0":{"loc":{"start":{"line":2,"column":14},"end":{"line":2,"column":26}},"type":"default-arg","locations":[{"start":{"line":2,"column":24},"end":{"line":2,"column":26}}],"line":2},"1":{"loc":{"start":{"line":3,"column":12},"end":{"line":3,"column":37}},"type":"default-arg","locations":[{"start":{"line":3,"column":20},"end":{"line":3,"column":37}}],"line":3},"2":{"loc":{"start":{"line":4,"column":12},"end":{"line":4,"column":43}},"type":"default-arg","locations":[{"start":{"line":4,"column":24},"end":{"line":4,"column":43}}],"line":4},"3":{"loc":{"start":{"line":5,"column":12},"end":{"line":5,"column":62}},"type":"default-arg","locations":[{"start":{"line":5,"column":24},"end":{"line":5,"column":62}}],"line":5},"4":{"loc":{"start":{"line":24,"column":4},"end":{"line":26,"column":5}},"type":"if","locations":[{"start":{"line":24,"column":4},"end":{"line":26,"column":5}},{"start":{"line":24,"column":4},"end":{"line":26,"column":5}}],"line":24},"5":{"loc":{"start":{"line":39,"column":6},"end":{"line":44,"column":7}},"type":"if","locations":[{"start":{"line":39,"column":6},"end":{"line":44,"column":7}},{"start":{"line":39,"column":6},"end":{"line":44,"column":7}}],"line":39},"6":{"loc":{"start":{"line":39,"column":10},"end":{"line":39,"column":84}},"type":"binary-expr","locations":[{"start":{"line":39,"column":10},"end":{"line":39,"column":44}},{"start":{"line":39,"column":48},"end":{"line":39,"column":84}}],"line":39},"7":{"loc":{"start":{"line":49,"column":6},"end":{"line":56,"column":7}},"type":"if","locations":[{"start":{"line":49,"column":6},"end":{"line":56,"column":7}},{"start":{"line":49,"column":6},"end":{"line":56,"column":7}}],"line":49},"8":{"loc":{"start":{"line":62,"column":6},"end":{"line":69,"column":7}},"type":"if","locations":[{"start":{"line":62,"column":6},"end":{"line":69,"column":7}},{"start":{"line":62,"column":6},"end":{"line":69,"column":7}}],"line":62},"9":{"loc":{"start":{"line":92,"column":7},"end":{"line":92,"column":17}},"type":"default-arg","locations":[{"start":{"line":92,"column":15},"end":{"line":92,"column":17}}],"line":92},"10":{"loc":{"start":{"line":93,"column":38},"end":{"line":93,"column":75}},"type":"cond-expr","locations":[{"start":{"line":93,"column":57},"end":{"line":93,"column":62}},{"start":{"line":93,"column":65},"end":{"line":93,"column":75}}],"line":93},"11":{"loc":{"start":{"line":121,"column":4},"end":{"line":123,"column":5}},"type":"if","locations":[{"start":{"line":121,"column":4},"end":{"line":123,"column":5}},{"start":{"line":121,"column":4},"end":{"line":123,"column":5}}],"line":121},"12":{"loc":{"start":{"line":125,"column":4},"end":{"line":127,"column":5}},"type":"if","locations":[{"start":{"line":125,"column":4},"end":{"line":127,"column":5}},{"start":{"line":125,"column":4},"end":{"line":127,"column":5}}],"line":125},"13":{"loc":{"start":{"line":144,"column":4},"end":{"line":146,"column":5}},"type":"if","locations":[{"start":{"line":144,"column":4},"end":{"line":146,"column":5}},{"start":{"line":144,"column":4},"end":{"line":146,"column":5}}],"line":144}},"s":{"0":11,"1":0,"2":11,"3":0,"4":11,"5":0,"6":11,"7":11,"8":11,"9":11,"10":11,"11":6,"12":2,"13":29,"14":12,"15":8,"16":8,"17":8,"18":8,"19":8,"20":8,"21":8,"22":25,"23":25,"24":9,"25":9,"26":16,"27":8,"28":8,"29":8,"30":8,"31":8,"32":8,"33":8,"34":8,"35":8,"36":24,"37":24,"38":16,"39":16,"40":16,"41":16,"42":8,"43":8,"44":1,"45":1,"46":8,"47":4,"48":3,"49":8,"50":8,"51":8,"52":8,"53":1,"54":1,"55":1,"56":1,"57":1,"58":1,"59":1,"60":1,"61":1,"62":1,"63":2,"64":2,"65":2,"66":2,"67":1,"68":2,"69":2,"70":2,"71":2,"72":1,"73":1,"74":1,"75":1,"76":2,"77":2,"78":2,"79":2,"80":2,"81":2},"f":{"0":11,"1":0,"2":0,"3":0,"4":6,"5":2,"6":29,"7":8,"8":1,"9":4,"10":3,"11":8,"12":1,"13":1,"14":2,"15":1,"16":2},"b":{"0":[0],"1":[0],"2":[0],"3":[0],"4":[12,17],"5":[9,16],"6":[25,16],"7":[8,0],"8":[16,8],"9":[0],"10":[8,0],"11":[1,1],"12":[2,0],"13":[2,0]},"_coverageSchema":"1a1c01bbd47fc00a2c39e90264f33305004495a9","hash":"976fe7e6fefa6f5ca257da01bdcb5edf382e157b"}
,"C:\\Users\\desse\\Documents\\github\\projects\\linkedlist\\test\\instance.js": {"path":"C:\\Users\\desse\\Documents\\github\\projects\\linkedlist\\test\\instance.js","statementMap":{"0":{"start":{"line":4,"column":2},"end":{"line":13,"column":4}},"1":{"start":{"line":5,"column":21},"end":{"line":5,"column":28}},"2":{"start":{"line":6,"column":26},"end":{"line":6,"column":73}},"3":{"start":{"line":8,"column":6},"end":{"line":10,"column":7}},"4":{"start":{"line":9,"column":8},"end":{"line":9,"column":22}},"5":{"start":{"line":11,"column":6},"end":{"line":11,"column":27}}},"fnMap":{"0":{"name":"(anonymous_0)","decl":{"start":{"line":3,"column":15},"end":{"line":3,"column":16}},"loc":{"start":{"line":4,"column":2},"end":{"line":13,"column":4}},"line":4},"1":{"name":"(anonymous_1)","decl":{"start":{"line":5,"column":11},"end":{"line":5,"column":12}},"loc":{"start":{"line":5,"column":21},"end":{"line":5,"column":28}},"line":5},"2":{"name":"(anonymous_2)","decl":{"start":{"line":6,"column":15},"end":{"line":6,"column":16}},"loc":{"start":{"line":6,"column":26},"end":{"line":6,"column":73}},"line":6},"3":{"name":"(anonymous_3)","decl":{"start":{"line":7,"column":15},"end":{"line":7,"column":16}},"loc":{"start":{"line":7,"column":33},"end":{"line":12,"column":5}},"line":7}},"branchMap":{"0":{"loc":{"start":{"line":6,"column":26},"end":{"line":6,"column":73}},"type":"cond-expr","locations":[{"start":{"line":6,"column":54},"end":{"line":6,"column":66}},{"start":{"line":6,"column":69},"end":{"line":6,"column":73}}],"line":6},"1":{"loc":{"start":{"line":6,"column":26},"end":{"line":6,"column":51}},"type":"binary-expr","locations":[{"start":{"line":6,"column":26},"end":{"line":6,"column":35}},{"start":{"line":6,"column":39},"end":{"line":6,"column":51}}],"line":6},"2":{"loc":{"start":{"line":8,"column":6},"end":{"line":10,"column":7}},"type":"if","locations":[{"start":{"line":8,"column":6},"end":{"line":10,"column":7}},{"start":{"line":8,"column":6},"end":{"line":10,"column":7}}],"line":8}},"s":{"0":8,"1":57,"2":86,"3":19,"4":12,"5":19},"f":{"0":8,"1":57,"2":86,"3":19},"b":{"0":[65,21],"1":[86,68],"2":[12,7]},"_coverageSchema":"1a1c01bbd47fc00a2c39e90264f33305004495a9","hash":"bfd0278da0a91a85bd0a02498ccdb717d3061567"}
}
