TN:
SF:src\index.js
FN:2,(anonymous_0)
FN:18,(anonymous_1)
FN:22,(anonymous_2)
FN:26,(anonymous_3)
FN:32,(anonymous_4)
FN:76,(anonymous_5)
FN:87,(anonymous_6)
FN:91,(anonymous_7)
FN:95,(anonymous_8)
FN:102,(anonymous_9)
FN:110,(anonymous_10)
FN:118,(anonymous_11)
FN:136,(anonymous_12)
FNF:13
FNH:13
FNDA:10,(anonymous_0)
FNDA:5,(anonymous_1)
FNDA:2,(anonymous_2)
FNDA:25,(anonymous_3)
FNDA:7,(anonymous_4)
FNDA:1,(anonymous_5)
FNDA:3,(anonymous_6)
FNDA:2,(anonymous_7)
FNDA:7,(anonymous_8)
FNDA:1,(anonymous_9)
FNDA:1,(anonymous_10)
FNDA:1,(anonymous_11)
FNDA:1,(anonymous_12)
DA:10,10
DA:11,10
DA:13,10
DA:14,10
DA:15,10
DA:19,5
DA:23,2
DA:27,25
DA:28,11
DA:33,7
DA:34,7
DA:35,7
DA:36,7
DA:37,7
DA:40,7
DA:41,22
DA:42,22
DA:43,8
DA:44,8
DA:46,14
DA:51,7
DA:52,7
DA:53,7
DA:54,7
DA:55,7
DA:56,7
DA:57,7
DA:58,7
DA:63,7
DA:64,21
DA:65,21
DA:66,14
DA:67,14
DA:68,14
DA:69,14
DA:71,7
DA:76,7
DA:77,1
DA:78,1
DA:81,7
DA:88,3
DA:92,2
DA:96,7
DA:97,7
DA:98,7
DA:99,7
DA:103,1
DA:104,1
DA:105,1
DA:106,1
DA:107,1
DA:111,1
DA:112,1
DA:113,1
DA:114,1
DA:115,1
DA:119,1
DA:120,1
DA:122,1
DA:124,1
DA:125,1
DA:128,1
DA:129,1
DA:132,1
DA:133,1
DA:137,1
DA:138,1
DA:140,1
DA:141,1
DA:144,1
DA:145,1
LF:71
LH:71
BRDA:2,0,0,0
BRDA:27,1,0,11
BRDA:27,1,1,14
BRDA:42,2,0,8
BRDA:42,2,1,14
BRDA:42,3,0,22
BRDA:42,3,1,14
BRDA:52,4,0,7
BRDA:52,4,1,0
BRDA:65,5,0,14
BRDA:65,5,1,7
BRDA:95,6,0,0
BRDA:96,7,0,7
BRDA:96,7,1,0
BRDA:124,8,0,1
BRDA:124,8,1,0
BRDA:128,9,0,1
BRDA:128,9,1,0
BRDA:140,10,0,1
BRDA:140,10,1,0
BRF:20
BRH:13
end_of_record
