TN:
SF:src\index.js
FN:2,(anonymous_0)
FN:3,(anonymous_1)
FN:4,(anonymous_2)
FN:5,(anonymous_3)
FN:15,(anonymous_4)
FN:19,(anonymous_5)
FN:23,(anonymous_6)
FN:29,(anonymous_7)
FN:73,(anonymous_8)
FN:84,(anonymous_9)
FN:88,(anonymous_10)
FN:92,(anonymous_11)
FN:99,(anonymous_12)
FN:107,(anonymous_13)
FN:115,(anonymous_14)
FN:133,(anonymous_15)
FN:140,(anonymous_16)
FNF:17
FNH:14
FNDA:11,(anonymous_0)
FNDA:0,(anonymous_1)
FNDA:0,(anonymous_2)
FNDA:0,(anonymous_3)
FNDA:6,(anonymous_4)
FNDA:2,(anonymous_5)
FNDA:29,(anonymous_6)
FNDA:8,(anonymous_7)
FNDA:1,(anonymous_8)
FNDA:4,(anonymous_9)
FNDA:3,(anonymous_10)
FNDA:8,(anonymous_11)
FNDA:1,(anonymous_12)
FNDA:1,(anonymous_13)
FNDA:2,(anonymous_14)
FNDA:1,(anonymous_15)
FNDA:2,(anonymous_16)
DA:3,11
DA:4,11
DA:5,11
DA:7,11
DA:8,11
DA:10,11
DA:11,11
DA:12,11
DA:16,6
DA:20,2
DA:24,29
DA:25,12
DA:30,8
DA:31,8
DA:32,8
DA:33,8
DA:34,8
DA:37,8
DA:38,25
DA:39,25
DA:40,9
DA:41,9
DA:43,16
DA:48,8
DA:49,8
DA:50,8
DA:51,8
DA:52,8
DA:53,8
DA:54,8
DA:55,8
DA:60,8
DA:61,24
DA:62,24
DA:63,16
DA:64,16
DA:65,16
DA:66,16
DA:68,8
DA:73,8
DA:74,1
DA:75,1
DA:78,8
DA:85,4
DA:89,3
DA:93,8
DA:94,8
DA:95,8
DA:96,8
DA:100,1
DA:101,1
DA:102,1
DA:103,1
DA:104,1
DA:108,1
DA:109,1
DA:110,1
DA:111,1
DA:112,1
DA:116,2
DA:117,2
DA:119,2
DA:121,2
DA:122,1
DA:125,2
DA:126,2
DA:129,2
DA:130,2
DA:134,1
DA:135,1
DA:136,1
DA:137,1
DA:141,2
DA:142,2
DA:144,2
DA:145,2
DA:148,2
DA:149,2
LF:78
LH:78
BRDA:2,0,0,0
BRDA:3,1,0,0
BRDA:4,2,0,0
BRDA:5,3,0,0
BRDA:24,4,0,12
BRDA:24,4,1,17
BRDA:39,5,0,9
BRDA:39,5,1,16
BRDA:39,6,0,25
BRDA:39,6,1,16
BRDA:49,7,0,8
BRDA:49,7,1,0
BRDA:62,8,0,16
BRDA:62,8,1,8
BRDA:92,9,0,0
BRDA:93,10,0,8
BRDA:93,10,1,0
BRDA:121,11,0,1
BRDA:121,11,1,1
BRDA:125,12,0,2
BRDA:125,12,1,0
BRDA:144,13,0,2
BRDA:144,13,1,0
BRF:23
BRH:14
end_of_record
TN:
SF:test\instance.js
FN:3,(anonymous_0)
FN:5,(anonymous_1)
FN:6,(anonymous_2)
FN:7,(anonymous_3)
FNF:4
FNH:4
FNDA:8,(anonymous_0)
FNDA:57,(anonymous_1)
FNDA:86,(anonymous_2)
FNDA:19,(anonymous_3)
DA:4,8
DA:5,57
DA:6,86
DA:8,19
DA:9,12
DA:11,19
LF:6
LH:6
BRDA:6,0,0,65
BRDA:6,0,1,21
BRDA:6,1,0,86
BRDA:6,1,1,68
BRDA:8,2,0,12
BRDA:8,2,1,7
BRF:6
BRH:6
end_of_record
